<?xml version="1.0" encoding="UTF-8"?>
<testng-results skipped="0" failed="0" total="1" passed="1">
  <reporter-output>
  </reporter-output>
  <suite name="Default suite" duration-ms="2977" started-at="2021-05-10T05:55:53Z" finished-at="2021-05-10T05:55:56Z">
    <groups>
    </groups>
    <test name="Default test" duration-ms="2977" started-at="2021-05-10T05:55:53Z" finished-at="2021-05-10T05:55:56Z">
      <class name="Restassured.payload">
        <test-method status="PASS" signature="second()[pri:0, instance:Restassured.payload@357246de]" name="second" duration-ms="2967" started-at="2021-05-10T11:25:53Z" finished-at="2021-05-10T11:25:56Z">
          <reporter-output>
          </reporter-output>
        </test-method> <!-- second -->
      </class> <!-- Restassured.payload -->
    </test> <!-- Default test -->
  </suite> <!-- Default suite -->
</testng-results>
